22/02/05 12:34:29 : Message is missing recipient's address
22/02/05 12:47:00 : Socket Error # 11001<EOL>Host not found.
22/02/05 12:47:00 : Socket Error # 11001<EOL>Host not found.
22/02/05 12:47:23 : Socket Error # 11001<EOL>Host not found.
22/02/05 12:47:23 : Socket Error # 11001<EOL>Host not found.
22/02/05 12:47:34 : Socket Error # 11001<EOL>Host not found.
22/02/05 12:47:34 : Socket Error # 11001<EOL>Host not found.
22/02/05 12:47:38 : Socket Error # 11001<EOL>Host not found.
22/02/05 12:47:38 : Socket Error # 11001<EOL>Host not found.
22/02/05 12:47:44 : Socket Error # 11001<EOL>Host not found.
22/02/05 12:47:44 : Socket Error # 11001<EOL>Host not found.
22/02/05 12:48:36 : Socket Error # 11001<EOL>Host not found.
22/02/05 12:48:37 : Socket Error # 11001<EOL>Host not found.
22/02/05 12:54:04 : Socket Error # 11001<EOL>Host not found.
22/02/05 12:54:04 : Socket Error # 11001<EOL>Host not found.
22/02/05 12:54:07 : Socket Error # 11001<EOL>Host not found.
22/02/05 12:54:07 : Socket Error # 11001<EOL>Host not found.
22/02/05 12:58:50 : Socket Error # 11001<EOL>Host not found.
22/02/05 12:58:50 : Socket Error # 11001<EOL>Host not found.
22/02/05 13:01:31 : Username and Password not accepted. Learn more at<EOL> https://support.google.com/mail/?p=BadCredentials 17sm7165021pfl.175 - gsmtp<EOL>
22/02/05 13:01:32 : Username and Password not accepted. Learn more at<EOL> https://support.google.com/mail/?p=BadCredentials c12sm7560012pfl.130 - gsmtp<EOL>
22/02/05 13:03:20 : Username and Password not accepted. Learn more at<EOL> https://support.google.com/mail/?p=BadCredentials k12sm7233434pfc.107 - gsmtp<EOL>
22/02/05 13:03:21 : Username and Password not accepted. Learn more at<EOL> https://support.google.com/mail/?p=BadCredentials gb5sm6060505pjb.16 - gsmtp<EOL>
22/02/05 13:03:27 : Username and Password not accepted. Learn more at<EOL> https://support.google.com/mail/?p=BadCredentials x18sm6580685pfc.123 - gsmtp<EOL>
22/02/05 13:03:29 : Username and Password not accepted. Learn more at<EOL> https://support.google.com/mail/?p=BadCredentials s11sm7249028pfu.58 - gsmtp<EOL>
22/02/05 13:03:36 : Username and Password not accepted. Learn more at<EOL> https://support.google.com/mail/?p=BadCredentials h25sm6379262pfn.208 - gsmtp<EOL>
22/02/05 13:03:37 : Username and Password not accepted. Learn more at<EOL> https://support.google.com/mail/?p=BadCredentials me17sm528183pjb.57 - gsmtp<EOL>
22/02/05 13:06:00 : Username and Password not accepted. Learn more at<EOL> https://support.google.com/mail/?p=BadCredentials n2sm4622427pgf.74 - gsmtp<EOL>
22/02/05 13:06:01 : Username and Password not accepted. Learn more at<EOL> https://support.google.com/mail/?p=BadCredentials kx11sm5676839pjb.1 - gsmtp<EOL>
22/02/05 13:08:24 : Username and Password not accepted. Learn more at<EOL> https://support.google.com/mail/?p=BadCredentials f18sm6984175pfc.203 - gsmtp<EOL>
22/02/05 13:08:24 : Username and Password not accepted. Learn more at<EOL> https://support.google.com/mail/?p=BadCredentials nv13sm6220785pjb.17 - gsmtp<EOL>
22/02/05 13:08:26 : Username and Password not accepted. Learn more at<EOL> https://support.google.com/mail/?p=BadCredentials o1sm7506100pfu.88 - gsmtp<EOL>
22/02/05 13:08:27 : Username and Password not accepted. Learn more at<EOL> https://support.google.com/mail/?p=BadCredentials j19sm6239075pfd.125 - gsmtp<EOL>
22/02/05 13:08:28 : Username and Password not accepted. Learn more at<EOL> https://support.google.com/mail/?p=BadCredentials 6sm4715733pgx.36 - gsmtp<EOL>
22/02/05 13:08:29 : Username and Password not accepted. Learn more at<EOL> https://support.google.com/mail/?p=BadCredentials p22sm6348770pfw.139 - gsmtp<EOL>
22/02/05 13:13:07 : Username and Password not accepted. Learn more at<EOL> https://support.google.com/mail/?p=BadCredentials k15sm6967093pff.39 - gsmtp<EOL>
22/02/05 13:13:09 : Username and Password not accepted. Learn more at<EOL> https://support.google.com/mail/?p=BadCredentials a3sm6656955pfk.73 - gsmtp<EOL>
22/02/05 16:22:32 : Username and Password not accepted. Learn more at<EOL> https://support.google.com/mail/?p=BadCredentials f3sm7341467pfe.67 - gsmtp<EOL>
22/02/05 16:22:33 : Username and Password not accepted. Learn more at<EOL> https://support.google.com/mail/?p=BadCredentials c6sm7199190pfl.200 - gsmtp<EOL>
22/02/05 16:23:32 : Username and Password not accepted. Learn more at<EOL> https://support.google.com/mail/?p=BadCredentials q17sm4792355pgh.58 - gsmtp<EOL>
22/02/05 16:23:33 : Username and Password not accepted. Learn more at<EOL> https://support.google.com/mail/?p=BadCredentials w10sm6518707pfn.153 - gsmtp<EOL>
22/02/06 13:11:03 : The recipient address <clarkejake2233@> is not a valid RFC-5321<EOL>address. Learn more at<EOL> https://support.google.com/mail/answer/6596 h10sm9616739pfc.103 - gsmtp<EOL>
